TN:
SF:controllers\stations.controller.ts
FN:7,getStations
FN:18,getStation
FN:38,createStation
FN:56,updateStation
FN:79,deleteStation
FNF:5
FNH:5
FNDA:1,getStations
FNDA:1,getStation
FNDA:1,createStation
FNDA:1,updateStation
FNDA:1,deleteStation
DA:2,3
DA:3,3
DA:7,3
DA:8,1
DA:9,1
DA:10,1
DA:11,1
DA:13,0
DA:18,3
DA:19,1
DA:20,1
DA:21,1
DA:22,0
DA:25,1
DA:26,1
DA:27,0
DA:30,1
DA:31,1
DA:33,0
DA:38,3
DA:39,1
DA:40,1
DA:42,1
DA:43,0
DA:46,1
DA:47,1
DA:49,1
DA:51,0
DA:56,3
DA:57,1
DA:58,1
DA:59,1
DA:60,0
DA:63,1
DA:64,1
DA:65,0
DA:68,1
DA:69,1
DA:71,1
DA:73,0
DA:79,3
DA:80,1
DA:81,1
DA:82,1
DA:83,0
DA:86,1
DA:87,1
DA:88,0
DA:91,1
DA:93,1
DA:95,0
LF:51
LH:39
BRDA:21,0,0,0
BRDA:21,0,1,1
BRDA:26,1,0,0
BRDA:26,1,1,1
BRDA:42,2,0,0
BRDA:42,2,1,1
BRDA:42,3,0,1
BRDA:42,3,1,1
BRDA:42,3,2,1
BRDA:59,4,0,0
BRDA:59,4,1,1
BRDA:64,5,0,0
BRDA:64,5,1,1
BRDA:64,6,0,1
BRDA:64,6,1,1
BRDA:64,6,2,1
BRDA:82,7,0,0
BRDA:82,7,1,1
BRDA:87,8,0,0
BRDA:87,8,1,1
BRF:20
BRH:13
end_of_record
TN:
SF:controllers\trains.controller.ts
FN:6,getTrains
FN:17,getTrain
FN:37,createTrain
FN:55,updateTrain
FN:77,deleteTrain
FNF:5
FNH:5
FNDA:1,getTrains
FNDA:1,getTrain
FNDA:1,createTrain
FNDA:1,updateTrain
FNDA:1,deleteTrain
DA:2,3
DA:3,3
DA:6,3
DA:7,1
DA:8,1
DA:9,1
DA:10,1
DA:12,0
DA:17,3
DA:18,1
DA:19,1
DA:20,1
DA:21,0
DA:24,1
DA:25,1
DA:26,0
DA:29,1
DA:30,1
DA:32,0
DA:37,3
DA:38,1
DA:39,1
DA:41,1
DA:42,0
DA:45,1
DA:46,1
DA:48,1
DA:50,0
DA:55,3
DA:56,1
DA:57,1
DA:58,1
DA:59,0
DA:62,1
DA:63,1
DA:64,0
DA:67,1
DA:68,1
DA:70,1
DA:72,0
DA:77,3
DA:78,1
DA:79,1
DA:80,1
DA:81,0
DA:84,1
DA:85,1
DA:86,0
DA:89,1
DA:91,1
DA:93,0
LF:51
LH:39
BRDA:20,0,0,0
BRDA:20,0,1,1
BRDA:25,1,0,0
BRDA:25,1,1,1
BRDA:41,2,0,0
BRDA:41,2,1,1
BRDA:41,3,0,1
BRDA:41,3,1,1
BRDA:41,3,2,1
BRDA:58,4,0,0
BRDA:58,4,1,1
BRDA:63,5,0,0
BRDA:63,5,1,1
BRDA:63,6,0,1
BRDA:63,6,1,1
BRDA:63,6,2,1
BRDA:80,7,0,0
BRDA:80,7,1,1
BRDA:85,8,0,0
BRDA:85,8,1,1
BRF:20
BRH:13
end_of_record
TN:
SF:controllers\trips.controller.ts
FN:7,getTrip
FN:28,searchTrips
FN:52,createTrip
FN:70,updateTrip
FN:92,deleteTrip
FNF:5
FNH:5
FNDA:3,getTrip
FNDA:3,searchTrips
FNDA:1,createTrip
FNDA:1,updateTrip
FNDA:1,deleteTrip
DA:2,3
DA:3,3
DA:7,3
DA:8,3
DA:9,3
DA:10,3
DA:11,1
DA:14,2
DA:15,2
DA:16,1
DA:19,1
DA:20,1
DA:22,0
DA:28,3
DA:29,3
DA:31,3
DA:32,3
DA:34,3
DA:35,1
DA:38,2
DA:39,2
DA:40,1
DA:42,1
DA:44,1
DA:46,0
DA:52,3
DA:53,1
DA:54,1
DA:56,1
DA:57,0
DA:60,1
DA:61,1
DA:63,1
DA:65,0
DA:70,3
DA:71,1
DA:72,1
DA:73,1
DA:74,0
DA:77,1
DA:78,1
DA:79,0
DA:82,1
DA:83,1
DA:85,1
DA:87,0
DA:92,3
DA:93,1
DA:94,1
DA:95,1
DA:96,0
DA:99,1
DA:100,1
DA:101,0
DA:104,1
DA:106,1
DA:108,0
LF:57
LH:47
BRDA:10,0,0,1
BRDA:10,0,1,2
BRDA:15,1,0,1
BRDA:15,1,1,1
BRDA:34,2,0,1
BRDA:34,2,1,2
BRDA:34,3,0,3
BRDA:34,3,1,2
BRDA:39,4,0,1
BRDA:39,4,1,1
BRDA:56,5,0,0
BRDA:56,5,1,1
BRDA:56,6,0,1
BRDA:56,6,1,1
BRDA:56,6,2,1
BRDA:73,7,0,0
BRDA:73,7,1,1
BRDA:78,8,0,0
BRDA:78,8,1,1
BRDA:78,9,0,1
BRDA:78,9,1,1
BRDA:78,9,2,1
BRDA:95,10,0,0
BRDA:95,10,1,1
BRDA:100,11,0,0
BRDA:100,11,1,1
BRF:26
BRH:21
end_of_record
TN:
SF:services\stations.service.ts
FN:4,getAllStations
FN:12,getStationById
FN:19,addStation
FN:28,updateStation
FN:36,deleteStation
FNF:5
FNH:5
FNDA:1,getAllStations
FNDA:2,getStationById
FNDA:1,addStation
FNDA:1,updateStation
FNDA:2,deleteStation
DA:1,4
DA:4,4
DA:5,1
DA:12,4
DA:13,2
DA:19,4
DA:20,1
DA:28,4
DA:29,1
DA:36,4
DA:37,2
LF:11
LH:11
BRF:0
BRH:0
end_of_record
TN:
SF:services\trains.service.ts
FN:4,getAllTrains
FN:12,getTrainById
FN:19,addTrain
FN:28,updateTrain
FN:36,deleteTrain
FNF:5
FNH:5
FNDA:1,getAllTrains
FNDA:2,getTrainById
FNDA:1,addTrain
FNDA:1,updateTrain
FNDA:2,deleteTrain
DA:1,4
DA:4,4
DA:5,1
DA:12,4
DA:13,2
DA:19,4
DA:20,1
DA:28,4
DA:29,1
DA:36,4
DA:37,2
LF:11
LH:11
BRF:0
BRH:0
end_of_record
TN:
SF:services\trips.service.ts
FN:4,getTripById
FN:11,findTrips
FN:17,(anonymous_3)
FN:18,(anonymous_4)
FN:19,(anonymous_5)
FN:24,(anonymous_6)
FN:33,addTrip
FN:44,updateTrip
FN:56,deleteTrip
FNF:9
FNH:9
FNDA:2,getTripById
FNDA:6,findTrips
FNDA:6,(anonymous_3)
FNDA:7,(anonymous_4)
FNDA:9,(anonymous_5)
FNDA:2,(anonymous_6)
FNDA:1,addTrip
FNDA:1,updateTrip
FNDA:2,deleteTrip
DA:1,4
DA:4,4
DA:5,2
DA:11,4
DA:13,6
DA:17,5
DA:18,7
DA:19,9
DA:21,6
DA:24,5
DA:33,4
DA:34,1
DA:44,4
DA:45,1
DA:56,4
DA:57,2
LF:16
LH:16
BRDA:21,0,0,6
BRDA:21,0,1,5
BRDA:21,0,2,4
BRF:3
BRH:3
end_of_record
